2025-06-14 21:12:23,423 [INFO] Activator:176 - 


2025-06-14 21:12:23,424 [INFO] Activator:177 - !SESSION log4j initialized
2025-06-14 21:12:26,054 [INFO] LogOutputStream:77 - [STDOUT_REDIRECT] 
2025-06-14 21:12:31,537 [INFO] ApplicationProperties:184 - Using Application install path: C:\ST\STM32CubeIDE_1.17.0\STM32CubeIDE\plugins\com.st.stm32cube.common.mx_6.13.0.202411220809
2025-06-14 21:12:31,602 [INFO] DbMcusXml:78 - Set database path to: C:\ST\STM32CubeIDE_1.17.0\STM32CubeIDE\plugins\com.st.stm32cube.common.mx_6.13.0.202411220809\\db\/mcu/
2025-06-14 21:12:31,602 [INFO] ApiDb:274 - Set plugin database path to: C:\ST\STM32CubeIDE_1.17.0\STM32CubeIDE\plugins\com.st.stm32cube.common.mx_6.13.0.202411220809\\db\/plugins/boardmanager/
2025-06-14 21:12:31,603 [WARN] ApiDb:259 - Overriding images path with different value:  => C:\ST\STM32CubeIDE_1.17.0\STM32CubeIDE\plugins\com.st.stm32cube.common.mx_6.13.0.202411220809\\db\/plugins/mcufinder/images/
2025-06-14 21:12:31,623 [INFO] ApiDb:250 - Set database path to: C:\Users\Nitro Tiger\.stmcufinder\plugins\mcufinder//mcu/
2025-06-14 21:12:31,626 [INFO] DbMcusAds:125 - Set database path to: C:\Users\Nitro Tiger\.stmcufinder\plugins\mcufinder//mcu/
2025-06-14 21:12:31,634 [INFO] CrossReferenceDbSqlite:203 - Set database path to: C:\Users\Nitro Tiger\.stmcufinder\plugins\mcufinder//mcu/cs/
2025-06-14 21:12:31,955 [INFO] RulesReader:64 - Compatibility file has been processed (297 Rules)
2025-06-14 21:12:32,176 [INFO] DbMcusXml:78 - Set database path to: C:\ST\STM32CubeIDE_1.17.0\STM32CubeIDE\plugins\com.st.stm32cube.common.mx_6.13.0.202411220809\\db\/mcu/
2025-06-14 21:12:32,176 [INFO] ApiDb:274 - Set plugin database path to: C:\ST\STM32CubeIDE_1.17.0\STM32CubeIDE\plugins\com.st.stm32cube.common.mx_6.13.0.202411220809\\db\/plugins/boardmanager/
2025-06-14 21:12:32,176 [INFO] ApiDb:261 - Set plugin images path to: C:\ST\STM32CubeIDE_1.17.0\STM32CubeIDE\plugins\com.st.stm32cube.common.mx_6.13.0.202411220809\\db\/plugins/mcufinder/images/
2025-06-14 21:12:32,177 [WARN] DbFile:41 - Overriding database path with different value: C:\Users\Nitro Tiger\.stmcufinder\plugins\mcufinder/ => C:\Users\Nitro Tiger\.stmcufinder\plugins\mcufinder
2025-06-14 21:12:32,177 [INFO] ApiDb:250 - Set database path to: C:\Users\Nitro Tiger\.stmcufinder\plugins\mcufinder//mcu/
2025-06-14 21:12:32,177 [WARN] DbFile:41 - Overriding database path with different value: C:\Users\Nitro Tiger\.stmcufinder\plugins\mcufinder/ => C:\Users\Nitro Tiger\.stmcufinder\plugins\mcufinder
2025-06-14 21:12:32,177 [INFO] DbMcusAds:125 - Set database path to: C:\Users\Nitro Tiger\.stmcufinder\plugins\mcufinder//mcu/
2025-06-14 21:12:32,177 [WARN] DbFile:41 - Overriding database path with different value: C:\Users\Nitro Tiger\.stmcufinder\plugins\mcufinder/ => C:\Users\Nitro Tiger\.stmcufinder\plugins\mcufinder
2025-06-14 21:12:32,177 [WARN] DbFile:41 - Overriding database path with different value: C:\Users\Nitro Tiger\.stmcufinder\plugins\mcufinder/ => C:\Users\Nitro Tiger\.stmcufinder\plugins\mcufinder
2025-06-14 21:12:32,178 [INFO] CrossReferenceDbSqlite:203 - Set database path to: C:\Users\Nitro Tiger\.stmcufinder\plugins\mcufinder//mcu/cs/
2025-06-14 21:12:32,339 [INFO] MainPanel:272 - HeapMemory: 268435456
2025-06-14 21:12:32,696 [INFO] DbMcusXml:78 - Set database path to: C:\ST\STM32CubeIDE_1.17.0\STM32CubeIDE\plugins\com.st.stm32cube.common.mx_6.13.0.202411220809\\db\/mcu/
2025-06-14 21:12:32,697 [INFO] ApiDb:274 - Set plugin database path to: C:\ST\STM32CubeIDE_1.17.0\STM32CubeIDE\plugins\com.st.stm32cube.common.mx_6.13.0.202411220809\\db\/plugins/boardmanager/
2025-06-14 21:12:32,697 [INFO] ApiDb:261 - Set plugin images path to: C:\ST\STM32CubeIDE_1.17.0\STM32CubeIDE\plugins\com.st.stm32cube.common.mx_6.13.0.202411220809\\db\/plugins/mcufinder/images/
2025-06-14 21:12:32,699 [WARN] DbFile:41 - Overriding database path with different value: C:\Users\Nitro Tiger\.stmcufinder\plugins\mcufinder/ => C:\Users\Nitro Tiger\.stmcufinder\plugins\mcufinder
2025-06-14 21:12:32,699 [INFO] ApiDb:250 - Set database path to: C:\Users\Nitro Tiger\.stmcufinder\plugins\mcufinder//mcu/
2025-06-14 21:12:32,700 [WARN] DbFile:41 - Overriding database path with different value: C:\Users\Nitro Tiger\.stmcufinder\plugins\mcufinder/ => C:\Users\Nitro Tiger\.stmcufinder\plugins\mcufinder
2025-06-14 21:12:32,700 [INFO] DbMcusAds:125 - Set database path to: C:\Users\Nitro Tiger\.stmcufinder\plugins\mcufinder//mcu/
2025-06-14 21:12:32,700 [WARN] DbFile:41 - Overriding database path with different value: C:\Users\Nitro Tiger\.stmcufinder\plugins\mcufinder/ => C:\Users\Nitro Tiger\.stmcufinder\plugins\mcufinder
2025-06-14 21:12:32,700 [WARN] DbFile:41 - Overriding database path with different value: C:\Users\Nitro Tiger\.stmcufinder\plugins\mcufinder/ => C:\Users\Nitro Tiger\.stmcufinder\plugins\mcufinder
2025-06-14 21:12:32,700 [INFO] CrossReferenceDbSqlite:203 - Set database path to: C:\Users\Nitro Tiger\.stmcufinder\plugins\mcufinder//mcu/cs/
2025-06-14 21:12:32,737 [INFO] ApplicationProperties:184 - Using Application install path: C:\ST\STM32CubeIDE_1.17.0\STM32CubeIDE\plugins\com.st.stm32cube.common.mx_6.13.0.202411220809
2025-06-14 21:12:32,739 [INFO] PluginManage:196 - Search for loadable plugins [exclusion list=, ]
2025-06-14 21:12:32,743 [INFO] PluginManage:310 - Check plugin analytics
2025-06-14 21:12:33,201 [INFO] AnalyticsPlugin:253 - Accepted Software Licenses: 
2025-06-14 21:12:33,202 [INFO] AnalyticsPlugin:255 - Accepted CMSIS Pack Licenses: 
2025-06-14 21:12:33,202 [INFO] AnalyticsPlugin:257 - Accepted Firmware Licenses: FW.F4.1.28.0,FW.U0.1.2.0,FW.H7.1.12.0
2025-06-14 21:12:33,210 [INFO] PluginManage:359 - Loaded plugin analytics (category:tool,tabindex:-1)
2025-06-14 21:12:33,212 [INFO] PluginManage:310 - Check plugin cadmodel
2025-06-14 21:12:33,230 [INFO] CADModel:105 - Init CAD model plugin
2025-06-14 21:12:33,231 [INFO] PluginManage:359 - Loaded plugin cadmodel (category:power,tabindex:5)
2025-06-14 21:12:33,231 [INFO] PluginManage:310 - Check plugin clock
2025-06-14 21:12:33,258 [INFO] PluginManage:359 - Loaded plugin clock (category:base,tabindex:2)
2025-06-14 21:12:33,258 [INFO] PluginManage:310 - Check plugin ddr
2025-06-14 21:12:33,266 [INFO] PluginManage:359 - Loaded plugin ddr (category:tool,tabindex:6)
2025-06-14 21:12:33,266 [INFO] PluginManage:310 - Check plugin filemanager
2025-06-14 21:12:33,600 [INFO] PluginManage:359 - Loaded plugin filemanager (category:base,tabindex:10)
2025-06-14 21:12:33,600 [INFO] PluginManage:310 - Check plugin ipmanager
2025-06-14 21:12:33,615 [INFO] PluginManage:359 - Loaded plugin ipmanager (category:base,tabindex:5)
2025-06-14 21:12:33,615 [INFO] PluginManage:310 - Check plugin lpbam
2025-06-14 21:12:33,629 [INFO] PluginManage:359 - Loaded plugin lpbam (category:base,tabindex:0)
2025-06-14 21:12:33,629 [INFO] PluginManage:310 - Check plugin memorymap
2025-06-14 21:12:33,683 [INFO] PluginManage:359 - Loaded plugin memorymap (category:base,tabindex:4)
2025-06-14 21:12:33,684 [INFO] PluginManage:310 - Check plugin pinoutandconfiguration
2025-06-14 21:12:33,709 [INFO] PluginManage:359 - Loaded plugin pinoutandconfiguration (category:base,tabindex:1)
2025-06-14 21:12:33,709 [INFO] PluginManage:310 - Check plugin pinoutconfig
2025-06-14 21:12:33,952 [WARN] SupportedApi:132 - Cannot load RTOS API schema: s4s-elt-must-match.1: The content of 'definitions' must match (annotation?, (simpleType | complexType)?, (unique | key | keyref)*)). A problem was found starting at: attribute.
2025-06-14 21:12:34,373 [INFO] PluginManage:359 - Loaded plugin pinoutconfig (category:base,tabindex:0)
2025-06-14 21:12:34,373 [INFO] PluginManage:310 - Check plugin power
2025-06-14 21:12:34,399 [INFO] PluginManage:359 - Loaded plugin power (category:power,tabindex:4)
2025-06-14 21:12:34,400 [INFO] PluginManage:310 - Check plugin projectmanager
2025-06-14 21:12:34,449 [INFO] PluginManage:359 - Loaded plugin projectmanager (category:projectmanager,tabindex:4)
2025-06-14 21:12:34,449 [INFO] PluginManage:310 - Check plugin rif
2025-06-14 21:12:34,488 [INFO] PluginManage:359 - Loaded plugin rif (category:base,tabindex:3)
2025-06-14 21:12:34,489 [INFO] PluginManage:310 - Check plugin thirdparty
2025-06-14 21:12:34,789 [WARN] IntegrityCheckThread:84 - waiting for thirdparty lock release [integrity check]
2025-06-14 21:12:34,790 [INFO] PluginManage:359 - Loaded plugin thirdparty (category:base,tabindex:-1)
2025-06-14 21:12:34,790 [INFO] IntegrityCheckThread:86 - entering critical section [integrity check]
2025-06-14 21:12:34,790 [INFO] PluginManage:310 - Check plugin tools
2025-06-14 21:12:34,791 [INFO] ThirdPartyUpdaterWithRetryManager:70 - Updater plugin not ready yet. [1/15]
2025-06-14 21:12:34,795 [INFO] PluginManage:359 - Loaded plugin tools (category:base,tabindex:7)
2025-06-14 21:12:34,796 [INFO] PluginManage:310 - Check plugin tutovideos
2025-06-14 21:12:35,373 [INFO] PluginManage:359 - Loaded plugin tutovideos (category:base,tabindex:-1)
2025-06-14 21:12:35,373 [INFO] PluginManage:310 - Check plugin updater
2025-06-14 21:12:35,407 [INFO] PluginManage:359 - Loaded plugin updater (category:base,tabindex:12)
2025-06-14 21:12:35,407 [INFO] PluginManage:310 - Check plugin userauth
2025-06-14 21:12:35,417 [INFO] UserAuth:118 - Init User Auth plugin
2025-06-14 21:12:35,419 [INFO] PluginManage:359 - Loaded plugin userauth (category:base,tabindex:14)
2025-06-14 21:12:35,420 [INFO] PluginManage:283 - PluginManage : Loaded plugins [18]
2025-06-14 21:12:35,864 [INFO] PinOutPanel:1589 - setPackage(No Configuration,No Configuration)
2025-06-14 21:12:36,078 [INFO] CADModel:165 - CPN selected for project level
2025-06-14 21:12:36,079 [INFO] CADModel:114 - Register for checkConnection events
2025-06-14 21:12:36,126 [INFO] IPUIPlugin:80 - create IPUIPlugin
2025-06-14 21:12:36,127 [INFO] PluginManager:220 - loadIPPluginJar : add adc
2025-06-14 21:12:36,132 [INFO] IPUIPlugin:80 - create IPUIPlugin
2025-06-14 21:12:36,132 [INFO] PluginManager:220 - loadIPPluginJar : add aes
2025-06-14 21:12:36,139 [INFO] IPUIPlugin:80 - create IPUIPlugin
2025-06-14 21:12:36,139 [INFO] PluginManager:220 - loadIPPluginJar : add can
2025-06-14 21:12:36,145 [INFO] IPUIPlugin:80 - create IPUIPlugin
2025-06-14 21:12:36,145 [INFO] PluginManager:220 - loadIPPluginJar : add comp
2025-06-14 21:12:36,151 [INFO] IPUIPlugin:80 - create IPUIPlugin
2025-06-14 21:12:36,152 [INFO] PluginManager:220 - loadIPPluginJar : add cryp
2025-06-14 21:12:36,162 [INFO] IPUIPlugin:80 - create IPUIPlugin
2025-06-14 21:12:36,162 [INFO] PluginManager:220 - loadIPPluginJar : add ddr_ctrl_phy
2025-06-14 21:12:36,168 [INFO] IPUIPlugin:80 - create IPUIPlugin
2025-06-14 21:12:36,168 [INFO] PluginManager:220 - loadIPPluginJar : add dfsdm
2025-06-14 21:12:36,179 [INFO] IPUIPlugin:80 - create IPUIPlugin
2025-06-14 21:12:36,181 [INFO] PluginManager:220 - loadIPPluginJar : add dma
2025-06-14 21:12:36,188 [INFO] IPUIPlugin:80 - create IPUIPlugin
2025-06-14 21:12:36,189 [INFO] PluginManager:220 - loadIPPluginJar : add dma3
2025-06-14 21:12:36,196 [INFO] IPUIPlugin:80 - create IPUIPlugin
2025-06-14 21:12:36,196 [INFO] PluginManager:220 - loadIPPluginJar : add extmemmanager
2025-06-14 21:12:36,201 [INFO] IPUIPlugin:80 - create IPUIPlugin
2025-06-14 21:12:36,202 [INFO] PluginManager:220 - loadIPPluginJar : add fatfs
2025-06-14 21:12:36,215 [INFO] IPUIPlugin:80 - create IPUIPlugin
2025-06-14 21:12:36,216 [INFO] PluginManager:220 - loadIPPluginJar : add fmc
2025-06-14 21:12:36,234 [INFO] IPUIPlugin:80 - create IPUIPlugin
2025-06-14 21:12:36,234 [INFO] PluginManager:220 - loadIPPluginJar : add freertos
2025-06-14 21:12:36,239 [INFO] IPUIPlugin:80 - create IPUIPlugin
2025-06-14 21:12:36,239 [INFO] PluginManager:220 - loadIPPluginJar : add genericplugin
2025-06-14 21:12:36,244 [INFO] IPUIPlugin:80 - create IPUIPlugin
2025-06-14 21:12:36,244 [INFO] PluginManager:220 - loadIPPluginJar : add gfxmmu
2025-06-14 21:12:36,251 [INFO] IPUIPlugin:80 - create IPUIPlugin
2025-06-14 21:12:36,251 [INFO] PluginManager:220 - loadIPPluginJar : add gic
2025-06-14 21:12:36,259 [INFO] IPUIPlugin:80 - create IPUIPlugin
2025-06-14 21:12:36,259 [INFO] PluginManager:220 - loadIPPluginJar : add gpio
2025-06-14 21:12:36,266 [INFO] IPUIPlugin:80 - create IPUIPlugin
2025-06-14 21:12:36,266 [INFO] PluginManager:220 - loadIPPluginJar : add gtzc
2025-06-14 21:12:36,271 [INFO] IPUIPlugin:80 - create IPUIPlugin
2025-06-14 21:12:36,272 [INFO] PluginManager:220 - loadIPPluginJar : add hash
2025-06-14 21:12:36,279 [INFO] IPUIPlugin:80 - create IPUIPlugin
2025-06-14 21:12:36,279 [INFO] PluginManager:220 - loadIPPluginJar : add i2c
2025-06-14 21:12:36,284 [INFO] IPUIPlugin:80 - create IPUIPlugin
2025-06-14 21:12:36,285 [INFO] PluginManager:220 - loadIPPluginJar : add i2s
2025-06-14 21:12:36,292 [INFO] IPUIPlugin:80 - create IPUIPlugin
2025-06-14 21:12:36,293 [INFO] PluginManager:220 - loadIPPluginJar : add i3c
2025-06-14 21:12:36,303 [INFO] IPUIPlugin:80 - create IPUIPlugin
2025-06-14 21:12:36,303 [INFO] PluginManager:220 - loadIPPluginJar : add ipddr
2025-06-14 21:12:36,312 [INFO] IPUIPlugin:80 - create IPUIPlugin
2025-06-14 21:12:36,312 [INFO] PluginManager:220 - loadIPPluginJar : add linkedlist
2025-06-14 21:12:36,320 [INFO] IPUIPlugin:80 - create IPUIPlugin
2025-06-14 21:12:36,320 [INFO] PluginManager:220 - loadIPPluginJar : add lorawan
2025-06-14 21:12:36,324 [INFO] IPUIPlugin:80 - create IPUIPlugin
2025-06-14 21:12:36,324 [INFO] PluginManager:220 - loadIPPluginJar : add ltdc
2025-06-14 21:12:36,337 [INFO] IPUIPlugin:80 - create IPUIPlugin
2025-06-14 21:12:36,337 [INFO] PluginManager:220 - loadIPPluginJar : add mdma
2025-06-14 21:12:36,346 [INFO] IPUIPlugin:80 - create IPUIPlugin
2025-06-14 21:12:36,347 [INFO] PluginManager:220 - loadIPPluginJar : add nvic
2025-06-14 21:12:36,354 [INFO] IPUIPlugin:80 - create IPUIPlugin
2025-06-14 21:12:36,354 [INFO] PluginManager:220 - loadIPPluginJar : add opamp
2025-06-14 21:12:36,363 [INFO] IPUIPlugin:80 - create IPUIPlugin
2025-06-14 21:12:36,364 [INFO] PluginManager:220 - loadIPPluginJar : add openamp
2025-06-14 21:12:36,371 [INFO] IPUIPlugin:80 - create IPUIPlugin
2025-06-14 21:12:36,371 [INFO] PluginManager:220 - loadIPPluginJar : add pdm2pcm
2025-06-14 21:12:36,382 [INFO] IPUIPlugin:80 - create IPUIPlugin
2025-06-14 21:12:36,390 [INFO] PluginManager:220 - loadIPPluginJar : add plateformsettings
2025-06-14 21:12:36,394 [INFO] IPUIPlugin:80 - create IPUIPlugin
2025-06-14 21:12:36,394 [INFO] PluginManager:220 - loadIPPluginJar : add quadspi
2025-06-14 21:12:36,398 [INFO] IPUIPlugin:80 - create IPUIPlugin
2025-06-14 21:12:36,401 [INFO] PluginManager:220 - loadIPPluginJar : add radio
2025-06-14 21:12:36,408 [INFO] IPUIPlugin:80 - create IPUIPlugin
2025-06-14 21:12:36,409 [INFO] PluginManager:220 - loadIPPluginJar : add resmgrutility
2025-06-14 21:12:36,418 [INFO] IPUIPlugin:80 - create IPUIPlugin
2025-06-14 21:12:36,419 [INFO] PluginManager:220 - loadIPPluginJar : add sai
2025-06-14 21:12:36,425 [INFO] IPUIPlugin:80 - create IPUIPlugin
2025-06-14 21:12:36,425 [INFO] PluginManager:220 - loadIPPluginJar : add spi
2025-06-14 21:12:36,436 [INFO] IPUIPlugin:80 - create IPUIPlugin
2025-06-14 21:12:36,436 [INFO] PluginManager:220 - loadIPPluginJar : add stm32_wpan
2025-06-14 21:12:36,439 [INFO] IPUIPlugin:80 - create IPUIPlugin
2025-06-14 21:12:36,440 [INFO] PluginManager:220 - loadIPPluginJar : add tim
2025-06-14 21:12:36,446 [INFO] IPUIPlugin:80 - create IPUIPlugin
2025-06-14 21:12:36,446 [INFO] PluginManager:220 - loadIPPluginJar : add touchsensing
2025-06-14 21:12:36,451 [INFO] IPUIPlugin:80 - create IPUIPlugin
2025-06-14 21:12:36,452 [INFO] PluginManager:220 - loadIPPluginJar : add tracer_emb
2025-06-14 21:12:36,456 [INFO] IPUIPlugin:80 - create IPUIPlugin
2025-06-14 21:12:36,456 [INFO] PluginManager:220 - loadIPPluginJar : add ts
2025-06-14 21:12:36,461 [INFO] IPUIPlugin:80 - create IPUIPlugin
2025-06-14 21:12:36,461 [INFO] PluginManager:220 - loadIPPluginJar : add tsc
2025-06-14 21:12:36,466 [INFO] IPUIPlugin:80 - create IPUIPlugin
2025-06-14 21:12:36,466 [INFO] PluginManager:220 - loadIPPluginJar : add ucpd
2025-06-14 21:12:36,471 [INFO] IPUIPlugin:80 - create IPUIPlugin
2025-06-14 21:12:36,471 [INFO] PluginManager:220 - loadIPPluginJar : add usart
2025-06-14 21:12:36,479 [INFO] IPUIPlugin:80 - create IPUIPlugin
2025-06-14 21:12:36,479 [INFO] PluginManager:220 - loadIPPluginJar : add usbx
2025-06-14 21:12:36,646 [FATAL] Updater:351 - Updater called before beeing initialized
2025-06-14 21:12:36,699 [INFO] RulesReader:64 - Compatibility file has been processed (297 Rules)
2025-06-14 21:12:36,714 [INFO] RulesReader:64 - Compatibility file has been processed (297 Rules)
2025-06-14 21:12:36,730 [INFO] CADModel:165 - CPN selected for project level
2025-06-14 21:12:36,731 [INFO] CADModel:114 - Register for checkConnection events
2025-06-14 21:12:36,731 [FATAL] Updater:351 - Updater called before beeing initialized
2025-06-14 21:12:36,731 [ERROR] CADModel:125 - Updater not yet initialized, retry later 
2025-06-14 21:12:37,059 [FATAL] Updater:351 - Updater called before beeing initialized
2025-06-14 21:12:37,064 [INFO] CADModel:165 - CPN selected for project level
2025-06-14 21:12:37,065 [INFO] CADModel:114 - Register for checkConnection events
2025-06-14 21:12:37,065 [FATAL] Updater:351 - Updater called before beeing initialized
2025-06-14 21:12:37,065 [ERROR] CADModel:125 - Updater not yet initialized, retry later 
2025-06-14 21:12:37,070 [FATAL] Updater:351 - Updater called before beeing initialized
2025-06-14 21:12:37,221 [FATAL] Updater:351 - Updater called before beeing initialized
2025-06-14 21:12:37,237 [INFO] DbMcusAds:53 - JSON generation date=Wed May 07 16:07:55 ICT 2025 (1746608875484)
2025-06-14 21:12:37,238 [FATAL] Updater:351 - Updater called before beeing initialized
2025-06-14 21:12:37,316 [WARN] DetailPanel:346 - Failed to get advertising image, set to default
2025-06-14 21:12:37,596 [FATAL] Updater:351 - Updater called before beeing initialized
2025-06-14 21:12:37,604 [FATAL] Updater:351 - Updater called before beeing initialized
2025-06-14 21:12:37,605 [FATAL] Updater:351 - Updater called before beeing initialized
2025-06-14 21:12:37,605 [WARN] DetailPanel:346 - Failed to get advertising image, set to default
2025-06-14 21:12:37,606 [FATAL] Updater:351 - Updater called before beeing initialized
2025-06-14 21:12:37,714 [ERROR] Updater:1198 - MainUpdater not yet initialized. External WinMGr cannot be set.
2025-06-14 21:12:37,723 [INFO] Updater:1134 - Updater Version found : 6.13.0
2025-06-14 21:12:37,763 [INFO] ApplicationProperties:184 - Using Application install path: C:\ST\STM32CubeIDE_1.17.0\STM32CubeIDE\plugins\com.st.stm32cube.common.mx_6.13.0.202411220809
2025-06-14 21:12:37,791 [INFO] ThirdPartyUpdaterWithRetryManager:70 - Updater plugin not ready yet. [2/15]
2025-06-14 21:12:39,381 [ERROR] LogOutputStream:75 - [STDERR_REDIRECT] Jun 14, 2025 9:12:39 PM java.util.prefs.WindowsPreferences <init>
2025-06-14 21:12:39,383 [ERROR] LogOutputStream:75 - [STDERR_REDIRECT] WARNING: Could not open/create prefs root node Software\JavaSoft\Prefs at root 0xffffffff80000002. Windows RegCreateKeyEx(...) returned error code 5.
2025-06-14 21:12:39,383 [ERROR] LogOutputStream:75 - [STDERR_REDIRECT] 
2025-06-14 21:12:39,925 [INFO] MainUpdater:2872 - connection check result : 10
2025-06-14 21:12:39,926 [INFO] MainUpdater:289 - Updater Check For Update Now.
2025-06-14 21:12:39,926 [INFO] MicroXplorer:498 - Change Database Version : DB.6.0.130
2025-06-14 21:12:39,962 [INFO] McuFinderGlobals:63 - Set McuFinder mode to 2 (CubeIDE integrated)
2025-06-14 21:12:39,964 [INFO] UserAuth:486 - Internet connection configuration mode: 1
2025-06-14 21:12:40,001 [INFO] JxBrowserEngine:152 - Initiate JxBrowser Engine with user profile folder
2025-06-14 21:12:40,120 [INFO] CheckServerUpdateThread:120 - End of CheckServer Thread
2025-06-14 21:12:41,112 [WARN] PackLoader:240 - Cannot read IP mode file for STMicroelectronics.FP-SNS-MOTENVWB1.1.4.0
2025-06-14 21:12:41,124 [WARN] PackLoader:240 - Cannot read IP mode file for STMicroelectronics.FP-ATR-ASTRA1.2.0.2
2025-06-14 21:12:41,128 [WARN] PackLoader:240 - Cannot read IP mode file for STMicroelectronics.FP-ATR-ASTRA1.2.0.1
2025-06-14 21:12:41,145 [WARN] PackLoader:240 - Cannot read IP mode file for STMicroelectronics.X-CUBE-SMBUS.2.1.0
2025-06-14 21:12:41,157 [WARN] PackLoader:240 - Cannot read IP mode file for STMicroelectronics.X-CUBE-WB05N.1.1.0
2025-06-14 21:12:41,164 [WARN] PackLoader:240 - Cannot read IP mode file for STMicroelectronics.X-CUBE-ST60.1.0.0
2025-06-14 21:12:41,197 [WARN] PackLoader:240 - Cannot read IP mode file for STMicroelectronics.X-CUBE-AZRTOS-F7.1.1.0
2025-06-14 21:12:41,203 [WARN] PackLoader:240 - Cannot read IP mode file for STMicroelectronics.FP-SNS-FLIGHT1.5.0.2
2025-06-14 21:12:41,240 [WARN] PackLoader:240 - Cannot read IP mode file for Infineon.AIROC-Wi-Fi-Bluetooth-STM32.1.7.0
2025-06-14 21:12:41,251 [WARN] PackLoader:240 - Cannot read IP mode file for STMicroelectronics.X-CUBE-DISPLAY.3.0.0
2025-06-14 21:12:41,259 [WARN] PackLoader:240 - Cannot read IP mode file for STMicroelectronics.X-CUBE-BLE1.7.0.0
2025-06-14 21:12:41,267 [WARN] PackLoader:240 - Cannot read IP mode file for STMicroelectronics.X-CUBE-NFC10.1.0.0
2025-06-14 21:12:41,274 [WARN] PackLoader:240 - Cannot read IP mode file for emotas.I-CUBE-CANOPEN.1.3.0
2025-06-14 21:12:41,280 [WARN] PackLoader:240 - Cannot read IP mode file for STMicroelectronics.X-CUBE-AI.10.0.0
2025-06-14 21:12:41,285 [WARN] PackLoader:240 - Cannot read IP mode file for STMicroelectronics.FP-SNS-SMARTAG2.1.2.0
2025-06-14 21:12:41,290 [WARN] PackLoader:240 - Cannot read IP mode file for STMicroelectronics.FP-SNS-FLIGHT1.5.1.0
2025-06-14 21:12:41,328 [INFO] WebApp:168 - Instantiating new browser for Auth
2025-06-14 21:12:41,344 [WARN] PackLoader:240 - Cannot read IP mode file for STMicroelectronics.X-CUBE-MEMS1.11.1.0
2025-06-14 21:12:41,580 [INFO] LogOutputStream:77 - [STDOUT_REDIRECT] 1 : Invalid condition id : UX_CORESTACK_Condition cause : null
2025-06-14 21:12:41,581 [INFO] LogOutputStream:77 - [STDOUT_REDIRECT] 1 : Invalid condition id : UX_CORESTACK_Condition cause : null
2025-06-14 21:12:41,584 [INFO] LogOutputStream:77 - [STDOUT_REDIRECT] 1 : Invalid condition id : UX_CORESTACK_Condition cause : null
2025-06-14 21:12:41,586 [INFO] LogOutputStream:77 - [STDOUT_REDIRECT] 1 : Invalid condition id : UX_CORESTACK_Condition cause : null
2025-06-14 21:12:41,590 [INFO] LogOutputStream:77 - [STDOUT_REDIRECT] 1 : Invalid condition id : UX_CORESTACK_Condition cause : null
2025-06-14 21:12:41,596 [WARN] PackLoader:240 - Cannot read IP mode file for STMicroelectronics.X-CUBE-AZRTOS-WL.2.0.0
2025-06-14 21:12:41,614 [WARN] PackLoader:240 - Cannot read IP mode file for STMicroelectronics.FP-SNS-MOTENV1.5.0.0
2025-06-14 21:12:41,638 [WARN] PackLoader:240 - Cannot read IP mode file for WES.I-CUBE-Cesium.1.3.0
2025-06-14 21:12:41,653 [WARN] PackLoader:240 - Cannot read IP mode file for STMicroelectronics.X-CUBE-BLE2.3.3.0
2025-06-14 21:12:41,672 [WARN] PackLoader:240 - Cannot read IP mode file for STMicroelectronics.X-CUBE-NFC9.1.0.0
2025-06-14 21:12:41,689 [WARN] PackLoader:240 - Cannot read IP mode file for STMicroelectronics.X-CUBE-BLE1.7.1.0
2025-06-14 21:12:41,703 [WARN] PackLoader:240 - Cannot read IP mode file for wolfSSL.I-CUBE-wolfMQTT.1.19.2
2025-06-14 21:12:41,717 [WARN] PackLoader:240 - Cannot read IP mode file for STMicroelectronics.X-CUBE-AI.10.1.0
2025-06-14 21:12:41,827 [WARN] PackLoader:240 - Cannot read IP mode file for STMicroelectronics.X-CUBE-MEMS1.11.2.0
2025-06-14 21:12:42,017 [WARN] PackLoader:240 - Cannot read IP mode file for STMicroelectronics.X-CUBE-AZRTOS-G0.1.1.0
2025-06-14 21:12:42,026 [WARN] PackLoader:240 - Cannot read IP mode file for STMicroelectronics.X-CUBE-SAFEA1.1.2.2
2025-06-14 21:12:42,032 [WARN] PackLoader:240 - Cannot read IP mode file for STMicroelectronics.X-CUBE-NFC4.3.0.0
2025-06-14 21:12:42,039 [WARN] PackLoader:240 - Cannot read IP mode file for EmbeddedOffice.I-CUBE-FS-RTOS.1.0.1
2025-06-14 21:12:42,045 [WARN] PackLoader:240 - Cannot read IP mode file for STMicroelectronics.X-CUBE-WB05N.2.0.0
2025-06-14 21:12:42,051 [WARN] PackLoader:240 - Cannot read IP mode file for wolfSSL.I-CUBE-wolfTPM.3.8.0
2025-06-14 21:12:42,058 [WARN] PackLoader:240 - Cannot read IP mode file for RealThread.X-CUBE-RT-Thread_Nano.4.1.1
2025-06-14 21:12:42,062 [WARN] PackLoader:240 - Cannot read IP mode file for STMicroelectronics.FP-ATR-SIGFOX1.3.2.0
2025-06-14 21:12:42,067 [WARN] ConditionMgr:438 - getConditionDescription Invalid condition id : Cortex-A Device cause : null
2025-06-14 21:12:42,088 [WARN] ConditionMgr:1044 - genDependencies : Invalid condition id : Cortex-A Device cause : null
2025-06-14 21:12:42,088 [WARN] ConditionMgr:1044 - genDependencies : Invalid condition id : Cortex-A Device cause : null
2025-06-14 21:12:42,088 [WARN] ConditionMgr:1044 - genDependencies : Invalid condition id : Cortex-A Device cause : null
2025-06-14 21:12:42,095 [WARN] PackLoader:240 - Cannot read IP mode file for STMicroelectronics.X-CUBE-EEPRMA1.5.1.0
2025-06-14 21:12:42,102 [WARN] PackLoader:240 - Cannot read IP mode file for wolfSSL.I-CUBE-wolfSSL.5.7.6
2025-06-14 21:12:42,110 [WARN] PackLoader:240 - Cannot read IP mode file for ITTIA_DB.I-CUBE-ITTIADB.8.9.0
2025-06-14 21:12:42,118 [WARN] PackLoader:240 - Cannot read IP mode file for STMicroelectronics.X-CUBE-ST67W61.1.0.0
2025-06-14 21:12:42,151 [WARN] PackLoader:240 - Cannot read IP mode file for SEGGER.I-CUBE-embOS.1.3.1
2025-06-14 21:12:42,189 [WARN] PackLoader:240 - Cannot read IP mode file for STMicroelectronics.X-CUBE-ALGOBUILD.1.4.0
2025-06-14 21:12:42,217 [WARN] PackLoader:240 - Cannot read IP mode file for STMicroelectronics.X-CUBE-MEMS1.11.3.0
2025-06-14 21:12:42,314 [WARN] PackLoader:240 - Cannot read IP mode file for STMicroelectronics.X-CUBE-AZRTOS-F4.1.1.0
2025-06-14 21:12:42,318 [WARN] PackLoader:240 - Cannot read IP mode file for Avnet-IotConnect.X-CUBE-IoTC-DA16k-PMOD.1.0.0
2025-06-14 21:12:42,321 [WARN] PackLoader:240 - Cannot read IP mode file for STMicroelectronics.X-CUBE-ISPU.2.1.0
2025-06-14 21:12:42,331 [WARN] PackLoader:240 - Cannot read IP mode file for STMicroelectronics.X-CUBE-AZRTOS-L5.2.0.0
2025-06-14 21:12:42,338 [WARN] PackLoader:240 - Cannot read IP mode file for STMicroelectronics.X-CUBE-NFC6.3.1.0
2025-06-14 21:12:42,343 [WARN] PackLoader:240 - Cannot read IP mode file for STMicroelectronics.X-CUBE-DPower.1.2.0
2025-06-14 21:12:42,347 [WARN] PackLoader:240 - Cannot read IP mode file for STMicroelectronics.X-CUBE-FREERTOS.1.3.1
2025-06-14 21:12:42,352 [WARN] PackLoader:240 - Cannot read IP mode file for STMicroelectronics.X-CUBE-FREERTOS.1.3.0
2025-06-14 21:12:42,356 [WARN] PackLoader:240 - Cannot read IP mode file for STMicroelectronics.X-CUBE-NFC7.1.0.1
2025-06-14 21:12:42,359 [WARN] PackLoader:240 - Cannot read IP mode file for STMicroelectronics.X-CUBE-DPower.1.3.0
2025-06-14 21:12:42,369 [WARN] ConditionMgr:438 - getConditionDescription Invalid condition id : LAN8742 Phy interface Condition cause : null
2025-06-14 21:12:42,371 [WARN] PackLoader:240 - Cannot read IP mode file for STMicroelectronics.X-CUBE-AZRTOS-L4.2.0.0
2025-06-14 21:12:42,372 [WARN] ConditionMgr:1044 - genDependencies : Invalid condition id : LAN8742 Phy interface Condition cause : null
2025-06-14 21:12:42,372 [WARN] ConditionMgr:1044 - genDependencies : Invalid condition id : LAN8742 Phy interface Condition cause : null
2025-06-14 21:12:42,372 [WARN] ConditionMgr:1044 - genDependencies : Invalid condition id : LAN8742 Phy interface Condition cause : null
2025-06-14 21:12:42,378 [WARN] PackLoader:240 - Cannot read IP mode file for STMicroelectronics.X-CUBE-SFXS2LP1.4.0.0
2025-06-14 21:12:42,391 [WARN] PackLoader:240 - Cannot read IP mode file for STMicroelectronics.X-CUBE-AZRTOS-H7.3.3.0
2025-06-14 21:12:42,401 [WARN] ConditionMgr:438 - getConditionDescription Invalid condition id : UX DEVICE CLASS RTOS Condition cause : null
2025-06-14 21:12:42,401 [WARN] ConditionMgr:438 - getConditionDescription Invalid condition id : UX DEVICE CLASS RTOS Condition cause : null
2025-06-14 21:12:42,402 [WARN] PackLoader:240 - Cannot read IP mode file for STMicroelectronics.X-CUBE-AZRTOS-WB.2.0.0
2025-06-14 21:12:42,403 [WARN] ConditionMgr:1044 - genDependencies : Invalid condition id : UX DEVICE CLASS RTOS Condition cause : null
2025-06-14 21:12:42,403 [WARN] ConditionMgr:1044 - genDependencies : Invalid condition id : UX DEVICE CLASS RTOS Condition cause : null
2025-06-14 21:12:42,403 [WARN] ConditionMgr:1044 - genDependencies : Invalid condition id : UX DEVICE CLASS RTOS Condition cause : null
2025-06-14 21:12:42,403 [WARN] ConditionMgr:1044 - genDependencies : Invalid condition id : UX DEVICE CLASS RTOS Condition cause : null
2025-06-14 21:12:42,403 [WARN] ConditionMgr:1044 - genDependencies : Invalid condition id : UX DEVICE CLASS RTOS Condition cause : null
2025-06-14 21:12:42,409 [WARN] PackLoader:240 - Cannot read IP mode file for STMicroelectronics.X-CUBE-TOUCHGFX.4.25.0
2025-06-14 21:12:42,414 [WARN] PackLoader:240 - Cannot read IP mode file for STMicroelectronics.FP-SNS-STBOX1.2.0.0
2025-06-14 21:12:42,423 [WARN] PackLoader:240 - Cannot read IP mode file for STMicroelectronics.X-CUBE-SUBG2.5.0.0
2025-06-14 21:12:42,438 [WARN] PackLoader:240 - Cannot read IP mode file for STMicroelectronics.X-CUBE-AZRTOS-H7RS.1.1.0
2025-06-14 21:12:42,443 [WARN] PackLoader:240 - Cannot read IP mode file for Cesanta.I-CUBE-Mongoose.7.13.0
2025-06-14 21:12:42,453 [WARN] PackLoader:240 - Cannot read IP mode file for STMicroelectronics.X-CUBE-AZRTOS-G4.2.0.0
2025-06-14 21:12:42,457 [WARN] PackLoader:240 - Cannot read IP mode file for wolfSSL.I-CUBE-wolfSSH.1.4.20
2025-06-14 21:12:42,460 [WARN] PackLoader:240 - Cannot read IP mode file for STMicroelectronics.X-CUBE-NFC7.2.0.0
2025-06-14 21:12:42,464 [WARN] PackLoader:240 - Cannot read IP mode file for STMicroelectronics.X-CUBE-ALS.1.0.2
2025-06-14 21:12:42,467 [WARN] PackLoader:240 - Cannot read IP mode file for STMicroelectronics.X-CUBE-TOUCHGFX.4.24.2
2025-06-14 21:12:42,472 [WARN] PackLoader:240 - Cannot read IP mode file for portGmbH.I-Cube-SoM-uGOAL.1.1.0
2025-06-14 21:12:42,485 [WARN] PackLoader:240 - Cannot read IP mode file for STMicroelectronics.X-CUBE-AZRTOS-H7RS.1.0.0
2025-06-14 21:12:42,498 [WARN] PackLoader:240 - Cannot read IP mode file for STMicroelectronics.X-CUBE-TOF1.3.4.2
2025-06-14 21:12:42,515 [WARN] PackLoader:240 - Cannot read IP mode file for STMicroelectronics.X-CUBE-TOF1.3.4.3
2025-06-14 21:12:42,538 [INFO] ThirdParty:978 - Integrity check success = true
2025-06-14 21:12:42,539 [INFO] IntegrityCheckThread:100 - exiting critical section [integrity check]
2025-06-14 21:12:42,539 [INFO] IntegrityCheckThread:103 - End integrity checks thread
2025-06-14 21:12:43,233 [INFO] WebApp:449 - Apply proxy settings
2025-06-14 21:12:43,234 [INFO] WebApp:534 - Chromium requires no authentication
2025-06-14 21:12:43,269 [INFO] WebApp:477 - Direct internet connection detected
2025-06-14 21:12:43,315 [INFO] WebApp:880 - Register for checkConnection events
2025-06-14 21:12:43,316 [INFO] WebApp:449 - Apply proxy settings
2025-06-14 21:12:43,316 [INFO] WebApp:534 - Chromium requires no authentication
2025-06-14 21:12:43,316 [INFO] WebApp:477 - Direct internet connection detected
2025-06-14 21:12:43,502 [INFO] WebApp:187 - Connection restablished
2025-06-14 21:12:43,507 [INFO] WebApp:221 - Starting web application
2025-06-14 21:12:43,508 [INFO] WebApp:579 - Web application path used C:\ST\STM32CubeIDE_1.17.0\STM32CubeIDE\plugins\com.st.stm32cube.common.mx_6.13.0.202411220809\db\plugins\mcufinder\reactClient1\index.html
2025-06-14 21:12:43,627 [INFO] UserAuth:486 - Internet connection configuration mode: 1
2025-06-14 21:51:49,786 [INFO] WebApp:190 - Connection lost
2025-06-14 21:51:52,616 [INFO] WebApp:187 - Connection restablished
2025-06-14 21:54:05,404 [INFO] WebApp:190 - Connection lost
2025-06-14 21:54:10,134 [INFO] WebApp:187 - Connection restablished
2025-06-14 21:54:11,939 [INFO] WebApp:190 - Connection lost
2025-06-14 21:54:12,074 [INFO] WebApp:187 - Connection restablished
2025-06-14 23:23:20,176 [INFO] WebApp:190 - Connection lost
2025-06-14 23:24:44,817 [INFO] WebApp:187 - Connection restablished
2025-06-14 23:24:45,988 [INFO] WebApp:190 - Connection lost
2025-06-14 23:24:46,163 [INFO] WebApp:187 - Connection restablished
